--------------------------------------------------------------------------------
Release 13.4 Trace  (lin64)
Copyright (c) 1995-2011 Xilinx, Inc.  All rights reserved.

/CMC/tools/xilinx/13.4/ISE_DS/ISE/bin/lin64/unwrapped/trce -intstyle ise -v 3
-s 5 -n 3 -fastpaths -xml CPU_gen.twx CPU_gen.ncd -o CPU_gen.twr CPU_gen.pcf

Design file:              CPU_gen.ncd
Physical constraint file: CPU_gen.pcf
Device,package,speed:     xc3s500e,fg320,-5 (PRODUCTION 1.27 2012-01-07)
Report level:             verbose report

Environment Variable      Effect 
--------------------      ------ 
NONE                      No environment variables were set
--------------------------------------------------------------------------------

INFO:Timing:2698 - No timing constraints found, doing default enumeration.
INFO:Timing:3412 - To improve timing, see the Timing Closure User Guide (UG612).
INFO:Timing:2752 - To get complete path coverage, use the unconstrained paths 
   option. All paths that are not constrained will be reported in the 
   unconstrained paths section(s) of the report.
INFO:Timing:3339 - The clock-to-out numbers in this timing report are based on 
   a 50 Ohm transmission line loading model.  For the details of this model, 
   and for more information on accounting for different loading conditions, 
   please see the device datasheet.
INFO:Timing:3390 - This architecture does not support a default System Jitter 
   value, please add SYSTEM_JITTER constraint to the UCF to modify the Clock 
   Uncertainty calculation.
INFO:Timing:3389 - This architecture does not support 'Discrete Jitter' and 
   'Phase Error' calculations, these terms will be zero in the Clock 
   Uncertainty calculation.  Please make appropriate modification to 
   SYSTEM_JITTER to account for the unsupported Discrete Jitter and Phase 
   Error.



Data Sheet report:
-----------------
All values displayed in nanoseconds (ns)

Setup/Hold to clock clk
------------+------------+------------+------------------+--------+
            |Max Setup to|Max Hold to |                  | Clock  |
Source      | clk (edge) | clk (edge) |Internal Clock(s) | Phase  |
------------+------------+------------+------------------+--------+
trig        |    0.048(R)|    1.091(R)|clk_BUFGP         |   0.000|
------------+------------+------------+------------------+--------+

Clock clk to Pad
------------+------------+------------------+--------+
            | clk (edge) |                  | Clock  |
Destination |   to PAD   |Internal Clock(s) | Phase  |
------------+------------+------------------+--------+
Address<1>  |    8.075(R)|clk_BUFGP         |   0.000|
Address<2>  |    7.411(R)|clk_BUFGP         |   0.000|
Address<6>  |    8.266(R)|clk_BUFGP         |   0.000|
Address<8>  |    8.335(R)|clk_BUFGP         |   0.000|
Address<9>  |    8.804(R)|clk_BUFGP         |   0.000|
Address<10> |    8.344(R)|clk_BUFGP         |   0.000|
Address<12> |    8.556(R)|clk_BUFGP         |   0.000|
Address<13> |    8.803(R)|clk_BUFGP         |   0.000|
Address<14> |    8.123(R)|clk_BUFGP         |   0.000|
DOut<0>     |    8.890(R)|clk_BUFGP         |   0.000|
DOut<1>     |    8.780(R)|clk_BUFGP         |   0.000|
DOut<2>     |    8.257(R)|clk_BUFGP         |   0.000|
DOut<3>     |    9.160(R)|clk_BUFGP         |   0.000|
DOut<4>     |    8.646(R)|clk_BUFGP         |   0.000|
DOut<5>     |    8.803(R)|clk_BUFGP         |   0.000|
DOut<6>     |    7.774(R)|clk_BUFGP         |   0.000|
DOut<7>     |    8.930(R)|clk_BUFGP         |   0.000|
wr_rd       |    9.375(R)|clk_BUFGP         |   0.000|
------------+------------+------------------+--------+

Clock to Setup on destination clock clk
---------------+---------+---------+---------+---------+
               | Src:Rise| Src:Fall| Src:Rise| Src:Fall|
Source Clock   |Dest:Rise|Dest:Rise|Dest:Fall|Dest:Fall|
---------------+---------+---------+---------+---------+
clk            |    1.808|         |         |         |
---------------+---------+---------+---------+---------+


Analysis completed Thu Oct 27 10:36:58 2022 
--------------------------------------------------------------------------------

Trace Settings:
-------------------------
Trace Settings 

Peak Memory Usage: 372 MB



