Running: /CMC/tools/xilinx/13.4/ISE_DS/ISE/bin/lin64/unwrapped/fuse -intstyle ise -incremental -o /home/student2/ajstephe/Desktop/COE758/Project1COE758/TEST_isim_beh.exe -prj /home/student2/ajstephe/Desktop/COE758/Project1COE758/TEST_beh.prj work.TEST 
ISim O.87xd (signature 0x8ddf5b5d)
Number of CPUs detected in this system: 8
Turning on mult-threading, number of parallel sub-compilation jobs: 16 
Determining compilation order of HDL files
Parsing VHDL file "/home/student2/ajstephe/Desktop/COE758/Project1COE758/ipcore_dir/icon.vhd" into library work
Parsing VHDL file "/home/student2/ajstephe/Desktop/COE758/Project1COE758/SDRAM.vhd" into library work
Parsing VHDL file "/home/student2/ajstephe/Desktop/COE758/Project1COE758/ipcore_dir/SRAM.vhd" into library work
Parsing VHDL file "/home/student2/ajstephe/Desktop/COE758/Project1COE758/ipcore_dir/ila.vhd" into library work
Parsing VHDL file "/home/student2/ajstephe/Desktop/COE758/Project1COE758/cpu_gen.vhd" into library work
Parsing VHDL file "/home/student2/ajstephe/Desktop/COE758/Project1COE758/cacheController.vhd" into library work
Parsing VHDL file "/home/student2/ajstephe/Desktop/COE758/Project1COE758/ProjectTest1.vhd" into library work
Starting static elaboration
Completed static elaboration
Fuse Memory Usage: 126396 KB
Fuse CPU Usage: 890 ms
Compiling package standard
Compiling package std_logic_1164
Compiling package numeric_std
Compiling package std_logic_arith
Compiling package std_logic_unsigned
Compiling architecture behavioral of entity CPU_gen [cpu_gen_default]
Compiling architecture behavioral of entity BlockRAM [blockram_default]
Compiling package textio
Compiling package std_logic_textio
Compiling architecture output_stage_behavioral of entity BLK_MEM_GEN_V6_2_output_stage [\BLK_MEM_GEN_V6_2_output_stage("...]
Compiling architecture softecc_output_reg_stage_behavioral of entity BLK_MEM_GEN_V6_2_softecc_output_reg_stage [\BLK_MEM_GEN_V6_2_softecc_output...]
Compiling architecture mem_module_behavioral of entity BLK_MEM_GEN_V6_2_mem_module [\BLK_MEM_GEN_V6_2_mem_module("bl...]
Compiling architecture behavioral of entity BLK_MEM_GEN_V6_2 [\BLK_MEM_GEN_V6_2("blk_mem_gen_v...]
Compiling architecture sram_a of entity SRAM [sram_default]
Compiling architecture icon_a of entity icon [icon_default]
Compiling architecture ila_a of entity ila [ila_default]
Compiling architecture behavioral of entity CacheController [cachecontroller_default]
Compiling architecture behavior of entity test
Time Resolution for simulation is 1ps.
Waiting for 1 sub-compilation(s) to finish...
Compiled 28 VHDL Units
Built simulation executable /home/student2/ajstephe/Desktop/COE758/Project1COE758/TEST_isim_beh.exe
Fuse Memory Usage: 1230972 KB
Fuse CPU Usage: 1180 ms
GCC CPU Usage: 1010 ms
